TN:
SF:admincred.js
FNF:0
FNH:0
DA:1,1
DA:6,1
LF:2
LH:2
BRF:0
BRH:0
end_of_record
TN:
SF:nodeMailerjwt.js
FN:5,(anonymous_0)
FN:11,(anonymous_1)
FN:29,(anonymous_2)
FN:38,(anonymous_3)
FN:54,(anonymous_4)
FN:63,(anonymous_5)
FN:79,(anonymous_6)
FNF:7
FNH:0
FNDA:0,(anonymous_0)
FNDA:0,(anonymous_1)
FNDA:0,(anonymous_2)
FNDA:0,(anonymous_3)
FNDA:0,(anonymous_4)
FNDA:0,(anonymous_5)
FNDA:0,(anonymous_6)
DA:1,1
DA:2,1
DA:3,1
DA:5,1
DA:6,0
DA:7,0
DA:8,0
DA:11,1
DA:14,0
DA:22,0
DA:29,0
DA:30,0
DA:31,0
DA:33,0
DA:38,1
DA:39,0
DA:47,0
DA:54,0
DA:55,0
DA:56,0
DA:58,0
DA:63,1
DA:64,0
DA:72,0
DA:79,0
DA:80,0
DA:81,0
DA:83,0
DA:88,1
LF:29
LH:8
BRDA:30,0,0,0
BRDA:30,0,1,0
BRDA:55,1,0,0
BRDA:55,1,1,0
BRDA:80,2,0,0
BRDA:80,2,1,0
BRF:6
BRH:0
end_of_record
TN:
SF:routes.js
FN:61,tableCreatorChecker
FN:104,(anonymous_1)
FN:180,(anonymous_2)
FN:194,(anonymous_3)
FN:198,(anonymous_4)
FN:218,(anonymous_5)
FN:238,(anonymous_6)
FN:257,(anonymous_7)
FN:263,(anonymous_8)
FN:282,(anonymous_9)
FN:314,(anonymous_10)
FN:359,(anonymous_11)
FN:376,(anonymous_12)
FN:425,(anonymous_13)
FN:439,(anonymous_14)
FN:482,(anonymous_15)
FN:497,(anonymous_16)
FN:514,(anonymous_17)
FN:515,(anonymous_18)
FN:517,(anonymous_19)
FN:531,(anonymous_20)
FN:597,(anonymous_21)
FN:603,(anonymous_22)
FN:608,(anonymous_23)
FN:618,(anonymous_24)
FN:625,(anonymous_25)
FN:657,(anonymous_26)
FN:674,(anonymous_27)
FN:703,(anonymous_28)
FN:708,(anonymous_29)
FN:730,(anonymous_30)
FN:758,(anonymous_31)
FN:769,(anonymous_32)
FN:788,(anonymous_33)
FN:808,(anonymous_34)
FN:824,(anonymous_35)
FNF:36
FNH:1
FNDA:3,tableCreatorChecker
FNDA:0,(anonymous_1)
FNDA:0,(anonymous_2)
FNDA:0,(anonymous_3)
FNDA:0,(anonymous_4)
FNDA:0,(anonymous_5)
FNDA:0,(anonymous_6)
FNDA:0,(anonymous_7)
FNDA:0,(anonymous_8)
FNDA:0,(anonymous_9)
FNDA:0,(anonymous_10)
FNDA:0,(anonymous_11)
FNDA:0,(anonymous_12)
FNDA:0,(anonymous_13)
FNDA:0,(anonymous_14)
FNDA:0,(anonymous_15)
FNDA:0,(anonymous_16)
FNDA:0,(anonymous_17)
FNDA:0,(anonymous_18)
FNDA:0,(anonymous_19)
FNDA:0,(anonymous_20)
FNDA:0,(anonymous_21)
FNDA:0,(anonymous_22)
FNDA:0,(anonymous_23)
FNDA:0,(anonymous_24)
FNDA:0,(anonymous_25)
FNDA:0,(anonymous_26)
FNDA:0,(anonymous_27)
FNDA:0,(anonymous_28)
FNDA:0,(anonymous_29)
FNDA:0,(anonymous_30)
FNDA:0,(anonymous_31)
FNDA:0,(anonymous_32)
FNDA:0,(anonymous_33)
FNDA:0,(anonymous_34)
FNDA:0,(anonymous_35)
DA:1,1
DA:2,1
DA:3,1
DA:4,1
DA:7,1
DA:9,1
DA:10,1
DA:62,3
DA:63,3
DA:64,3
DA:67,3
DA:69,3
DA:80,3
DA:81,1
DA:85,2
DA:86,2
DA:87,2
DA:88,1
DA:94,1
DA:95,1
DA:97,0
DA:98,0
DA:102,1
DA:104,1
DA:105,0
DA:112,0
DA:114,0
DA:115,0
DA:118,0
DA:119,0
DA:120,0
DA:121,0
DA:125,0
DA:126,0
DA:128,0
DA:135,0
DA:137,0
DA:146,0
DA:148,0
DA:152,0
DA:156,0
DA:158,0
DA:159,0
DA:160,0
DA:161,0
DA:162,0
DA:163,0
DA:164,0
DA:169,0
DA:170,0
DA:178,0
DA:180,0
DA:181,0
DA:182,0
DA:185,0
DA:194,1
DA:195,0
DA:196,0
DA:198,0
DA:199,0
DA:200,0
DA:203,0
DA:204,0
DA:205,0
DA:206,0
DA:207,0
DA:209,0
DA:212,0
DA:218,1
DA:219,0
DA:220,0
DA:222,0
DA:229,0
DA:230,0
DA:231,0
DA:233,0
DA:234,0
DA:238,1
DA:239,0
DA:244,0
DA:245,0
DA:246,0
DA:247,0
DA:248,0
DA:249,0
DA:257,1
DA:258,0
DA:259,0
DA:260,0
DA:263,1
DA:264,0
DA:266,0
DA:268,0
DA:269,0
DA:274,0
DA:275,0
DA:277,0
DA:282,1
DA:283,0
DA:284,0
DA:285,0
DA:286,0
DA:288,0
DA:293,0
DA:298,0
DA:299,0
DA:304,0
DA:309,0
DA:311,0
DA:312,0
DA:315,0
DA:320,0
DA:323,0
DA:332,0
DA:333,0
DA:345,0
DA:347,0
DA:348,0
DA:350,0
DA:353,0
DA:354,0
DA:359,1
DA:360,0
DA:361,0
DA:363,0
DA:366,0
DA:371,0
DA:373,0
DA:374,0
DA:376,0
DA:377,0
DA:378,0
DA:395,0
DA:397,0
DA:398,0
DA:403,0
DA:408,0
DA:409,0
DA:410,0
DA:412,0
DA:415,0
DA:416,0
DA:417,0
DA:419,0
DA:425,1
DA:426,0
DA:428,0
DA:429,0
DA:432,0
DA:433,0
DA:439,1
DA:440,0
DA:441,0
DA:443,0
DA:448,0
DA:451,0
DA:452,0
DA:455,0
DA:459,0
DA:464,0
DA:465,0
DA:468,0
DA:470,0
DA:471,0
DA:473,0
DA:476,0
DA:477,0
DA:482,1
DA:483,0
DA:485,0
DA:489,0
DA:490,0
DA:491,0
DA:497,1
DA:502,0
DA:503,0
DA:507,0
DA:510,0
DA:511,0
DA:512,0
DA:514,0
DA:515,0
DA:516,0
DA:517,0
DA:518,0
DA:521,0
DA:522,0
DA:524,0
DA:526,0
DA:531,0
DA:532,0
DA:535,0
DA:539,0
DA:546,0
DA:547,0
DA:548,0
DA:553,0
DA:554,0
DA:555,0
DA:556,0
DA:560,0
DA:566,0
DA:567,0
DA:568,0
DA:572,0
DA:578,0
DA:581,0
DA:587,0
DA:597,1
DA:598,0
DA:599,0
DA:603,1
DA:604,0
DA:605,0
DA:608,1
DA:609,0
DA:610,0
DA:612,0
DA:614,0
DA:618,1
DA:619,0
DA:620,0
DA:621,0
DA:625,1
DA:626,0
DA:628,0
DA:633,0
DA:639,0
DA:640,0
DA:641,0
DA:642,0
DA:643,0
DA:645,0
DA:646,0
DA:650,0
DA:651,0
DA:653,0
DA:657,1
DA:658,0
DA:659,0
DA:663,0
DA:664,0
DA:665,0
DA:670,0
DA:674,1
DA:675,0
DA:676,0
DA:677,0
DA:678,0
DA:679,0
DA:680,0
DA:682,0
DA:683,0
DA:686,0
DA:687,0
DA:688,0
DA:690,0
DA:691,0
DA:693,0
DA:696,0
DA:703,1
DA:704,0
DA:705,0
DA:708,1
DA:709,0
DA:711,0
DA:712,0
DA:714,0
DA:715,0
DA:716,0
DA:718,0
DA:719,0
DA:720,0
DA:721,0
DA:722,0
DA:730,1
DA:731,0
DA:734,0
DA:741,0
DA:742,0
DA:746,0
DA:747,0
DA:748,0
DA:750,0
DA:758,1
DA:759,0
DA:760,0
DA:762,0
DA:765,0
DA:769,1
DA:770,0
DA:775,0
DA:776,0
DA:778,0
DA:779,0
DA:781,0
DA:782,0
DA:788,1
DA:790,0
DA:791,0
DA:792,0
DA:793,0
DA:794,0
DA:798,0
DA:801,0
DA:802,0
DA:808,1
DA:809,0
DA:810,0
DA:811,0
DA:813,0
DA:815,0
DA:818,0
DA:824,1
DA:825,0
DA:826,0
DA:827,0
DA:828,0
DA:830,0
DA:831,0
DA:833,0
DA:834,0
DA:835,0
DA:836,0
DA:837,0
DA:839,0
DA:846,1
LF:327
LH:49
BRDA:80,0,0,1
BRDA:80,0,1,2
BRDA:87,1,0,1
BRDA:87,1,1,1
BRDA:114,2,0,0
BRDA:114,2,1,0
BRDA:118,3,0,0
BRDA:118,3,1,0
BRDA:125,4,0,0
BRDA:125,4,1,0
BRDA:137,5,0,0
BRDA:137,5,1,0
BRDA:156,6,0,0
BRDA:156,6,1,0
BRDA:159,7,0,0
BRDA:159,7,1,0
BRDA:169,8,0,0
BRDA:169,8,1,0
BRDA:178,9,0,0
BRDA:178,9,1,0
BRDA:181,10,0,0
BRDA:181,10,1,0
BRDA:199,11,0,0
BRDA:199,11,1,0
BRDA:229,12,0,0
BRDA:229,12,1,0
BRDA:245,13,0,0
BRDA:245,13,1,0
BRDA:248,14,0,0
BRDA:248,14,1,0
BRDA:268,15,0,0
BRDA:268,15,1,0
BRDA:288,16,0,0
BRDA:288,16,1,0
BRDA:289,17,0,0
BRDA:289,17,1,0
BRDA:289,17,2,0
BRDA:298,18,0,0
BRDA:298,18,1,0
BRDA:309,19,0,0
BRDA:309,19,1,0
BRDA:311,20,0,0
BRDA:311,20,1,0
BRDA:312,21,0,0
BRDA:312,21,1,0
BRDA:315,22,0,0
BRDA:315,22,1,0
BRDA:315,22,2,0
BRDA:332,23,0,0
BRDA:332,23,1,0
BRDA:347,24,0,0
BRDA:347,24,1,0
BRDA:371,25,0,0
BRDA:371,25,1,0
BRDA:373,26,0,0
BRDA:373,26,1,0
BRDA:379,27,0,0
BRDA:379,27,1,0
BRDA:379,27,2,0
BRDA:397,28,0,0
BRDA:397,28,1,0
BRDA:408,29,0,0
BRDA:408,29,1,0
BRDA:416,30,0,0
BRDA:416,30,1,0
BRDA:443,31,0,0
BRDA:443,31,1,0
BRDA:444,32,0,0
BRDA:444,32,1,0
BRDA:444,32,2,0
BRDA:464,33,0,0
BRDA:464,33,1,0
BRDA:470,34,0,0
BRDA:470,34,1,0
BRDA:539,35,0,0
BRDA:539,35,1,0
BRDA:540,36,0,0
BRDA:540,36,1,0
BRDA:540,36,2,0
BRDA:540,36,3,0
BRDA:540,36,4,0
BRDA:540,36,5,0
BRDA:546,37,0,0
BRDA:546,37,1,0
BRDA:547,38,0,0
BRDA:547,38,1,0
BRDA:639,39,0,0
BRDA:639,39,1,0
BRDA:650,40,0,0
BRDA:650,40,1,0
BRDA:663,41,0,0
BRDA:663,41,1,0
BRDA:690,42,0,0
BRDA:690,42,1,0
BRDA:711,43,0,0
BRDA:711,43,1,0
BRDA:715,44,0,0
BRDA:715,44,1,0
BRDA:741,45,0,0
BRDA:741,45,1,0
BRDA:746,46,0,0
BRDA:746,46,1,0
BRDA:760,47,0,0
BRDA:760,47,1,0
BRDA:793,48,0,0
BRDA:793,48,1,0
BRDA:830,49,0,0
BRDA:830,49,1,0
BRF:108
BRH:4
end_of_record
TN:
SF:Database\db.js
FN:13,(anonymous_0)
FN:26,(anonymous_1)
FN:38,(anonymous_2)
FN:51,(anonymous_3)
FN:64,(anonymous_4)
FN:77,(anonymous_5)
FN:79,(anonymous_6)
FN:88,(anonymous_7)
FN:94,(anonymous_8)
FN:105,(anonymous_9)
FN:112,(anonymous_10)
FN:139,(anonymous_11)
FN:141,(anonymous_12)
FN:148,(anonymous_13)
FN:154,(anonymous_14)
FN:161,(anonymous_15)
FN:169,(anonymous_16)
FN:179,(anonymous_17)
FN:191,(anonymous_18)
FN:200,(anonymous_19)
FN:210,(anonymous_20)
FN:222,(anonymous_21)
FN:234,(anonymous_22)
FN:244,(anonymous_23)
FN:262,(anonymous_24)
FN:285,(anonymous_25)
FN:295,(anonymous_26)
FN:327,(anonymous_27)
FN:344,(anonymous_28)
FN:358,(anonymous_29)
FN:370,(anonymous_30)
FN:391,(anonymous_31)
FN:409,(anonymous_32)
FN:427,(anonymous_33)
FN:446,(anonymous_34)
FN:465,(anonymous_35)
FN:482,(anonymous_36)
FN:501,(anonymous_37)
FN:521,(anonymous_38)
FN:537,(anonymous_39)
FN:555,(anonymous_40)
FN:558,(anonymous_41)
FN:571,(anonymous_42)
FN:586,(anonymous_43)
FN:605,(anonymous_44)
FN:616,(anonymous_45)
FN:632,(anonymous_46)
FN:654,(anonymous_47)
FN:692,(anonymous_48)
FN:705,(anonymous_49)
FN:735,(anonymous_50)
FN:757,(anonymous_51)
FN:767,(anonymous_52)
FN:778,(anonymous_53)
FN:788,(anonymous_54)
FN:799,(anonymous_55)
FN:811,(anonymous_56)
FN:823,(anonymous_57)
FN:835,(anonymous_58)
FNF:59
FNH:0
FNDA:0,(anonymous_0)
FNDA:0,(anonymous_1)
FNDA:0,(anonymous_2)
FNDA:0,(anonymous_3)
FNDA:0,(anonymous_4)
FNDA:0,(anonymous_5)
FNDA:0,(anonymous_6)
FNDA:0,(anonymous_7)
FNDA:0,(anonymous_8)
FNDA:0,(anonymous_9)
FNDA:0,(anonymous_10)
FNDA:0,(anonymous_11)
FNDA:0,(anonymous_12)
FNDA:0,(anonymous_13)
FNDA:0,(anonymous_14)
FNDA:0,(anonymous_15)
FNDA:0,(anonymous_16)
FNDA:0,(anonymous_17)
FNDA:0,(anonymous_18)
FNDA:0,(anonymous_19)
FNDA:0,(anonymous_20)
FNDA:0,(anonymous_21)
FNDA:0,(anonymous_22)
FNDA:0,(anonymous_23)
FNDA:0,(anonymous_24)
FNDA:0,(anonymous_25)
FNDA:0,(anonymous_26)
FNDA:0,(anonymous_27)
FNDA:0,(anonymous_28)
FNDA:0,(anonymous_29)
FNDA:0,(anonymous_30)
FNDA:0,(anonymous_31)
FNDA:0,(anonymous_32)
FNDA:0,(anonymous_33)
FNDA:0,(anonymous_34)
FNDA:0,(anonymous_35)
FNDA:0,(anonymous_36)
FNDA:0,(anonymous_37)
FNDA:0,(anonymous_38)
FNDA:0,(anonymous_39)
FNDA:0,(anonymous_40)
FNDA:0,(anonymous_41)
FNDA:0,(anonymous_42)
FNDA:0,(anonymous_43)
FNDA:0,(anonymous_44)
FNDA:0,(anonymous_45)
FNDA:0,(anonymous_46)
FNDA:0,(anonymous_47)
FNDA:0,(anonymous_48)
FNDA:0,(anonymous_49)
FNDA:0,(anonymous_50)
FNDA:0,(anonymous_51)
FNDA:0,(anonymous_52)
FNDA:0,(anonymous_53)
FNDA:0,(anonymous_54)
FNDA:0,(anonymous_55)
FNDA:0,(anonymous_56)
FNDA:0,(anonymous_57)
FNDA:0,(anonymous_58)
DA:1,1
DA:2,1
DA:5,1
DA:13,1
DA:14,0
DA:15,0
DA:16,0
DA:17,0
DA:19,0
DA:20,0
DA:26,1
DA:28,0
DA:29,0
DA:30,0
DA:31,0
DA:33,0
DA:34,0
DA:38,1
DA:40,0
DA:41,0
DA:42,0
DA:43,0
DA:45,0
DA:46,0
DA:51,1
DA:53,0
DA:54,0
DA:55,0
DA:56,0
DA:58,0
DA:59,0
DA:64,1
DA:66,0
DA:67,0
DA:68,0
DA:70,0
DA:71,0
DA:77,1
DA:78,0
DA:79,0
DA:80,0
DA:81,0
DA:82,0
DA:84,0
DA:88,1
DA:89,0
DA:90,0
DA:91,0
DA:94,1
DA:95,0
DA:96,0
DA:97,0
DA:98,0
DA:99,0
DA:101,0
DA:105,1
DA:106,0
DA:107,0
DA:109,0
DA:112,1
DA:113,0
DA:114,0
DA:115,0
DA:119,0
DA:120,0
DA:125,0
DA:126,0
DA:131,0
DA:136,0
DA:139,1
DA:140,0
DA:141,0
DA:142,0
DA:143,0
DA:148,1
DA:149,0
DA:150,0
DA:151,0
DA:154,1
DA:155,0
DA:156,0
DA:158,0
DA:161,1
DA:162,0
DA:163,0
DA:165,0
DA:169,1
DA:170,0
DA:171,0
DA:172,0
DA:174,0
DA:175,0
DA:179,1
DA:180,0
DA:181,0
DA:182,0
DA:184,0
DA:186,0
DA:187,0
DA:191,1
DA:192,0
DA:193,0
DA:194,0
DA:196,0
DA:200,1
DA:201,0
DA:202,0
DA:203,0
DA:205,0
DA:206,0
DA:210,1
DA:211,0
DA:212,0
DA:213,0
DA:215,0
DA:217,0
DA:218,0
DA:222,1
DA:223,0
DA:224,0
DA:225,0
DA:227,0
DA:229,0
DA:230,0
DA:234,1
DA:235,0
DA:236,0
DA:237,0
DA:239,0
DA:240,0
DA:244,1
DA:245,0
DA:252,0
DA:253,0
DA:255,0
DA:262,1
DA:264,0
DA:269,0
DA:270,0
DA:274,0
DA:277,0
DA:282,0
DA:285,1
DA:287,0
DA:292,0
DA:294,0
DA:295,0
DA:296,0
DA:297,0
DA:311,0
DA:314,0
DA:319,0
DA:324,0
DA:327,1
DA:328,0
DA:329,0
DA:337,0
DA:339,0
DA:340,0
DA:344,1
DA:345,0
DA:346,0
DA:351,0
DA:353,0
DA:354,0
DA:358,1
DA:359,0
DA:360,0
DA:361,0
DA:362,0
DA:363,0
DA:365,0
DA:370,1
DA:371,0
DA:381,0
DA:382,0
DA:383,0
DA:385,0
DA:386,0
DA:391,1
DA:392,0
DA:399,0
DA:400,0
DA:401,0
DA:403,0
DA:404,0
DA:409,1
DA:410,0
DA:417,0
DA:418,0
DA:419,0
DA:421,0
DA:422,0
DA:427,1
DA:428,0
DA:437,0
DA:438,0
DA:440,0
DA:441,0
DA:446,1
DA:447,0
DA:452,0
DA:453,0
DA:454,0
DA:456,0
DA:460,0
DA:465,1
DA:466,0
DA:469,0
DA:470,0
DA:471,0
DA:473,0
DA:477,0
DA:482,1
DA:483,0
DA:488,0
DA:489,0
DA:490,0
DA:492,0
DA:496,0
DA:501,1
DA:502,0
DA:508,0
DA:509,0
DA:510,0
DA:512,0
DA:516,0
DA:521,1
DA:522,0
DA:524,0
DA:525,0
DA:526,0
DA:528,0
DA:532,0
DA:537,1
DA:538,0
DA:539,0
DA:540,0
DA:541,0
DA:543,0
DA:545,0
DA:546,0
DA:548,0
DA:549,0
DA:554,0
DA:556,0
DA:559,0
DA:563,0
DA:565,0
DA:566,0
DA:571,1
DA:572,0
DA:573,0
DA:574,0
DA:576,0
DA:578,0
DA:582,0
DA:586,1
DA:587,0
DA:588,0
DA:589,0
DA:590,0
DA:591,0
DA:592,0
DA:594,0
DA:597,0
DA:601,0
DA:605,1
DA:606,0
DA:607,0
DA:608,0
DA:609,0
DA:611,0
DA:612,0
DA:616,1
DA:617,0
DA:618,0
DA:623,0
DA:625,0
DA:627,0
DA:628,0
DA:632,1
DA:633,0
DA:645,0
DA:646,0
DA:647,0
DA:649,0
DA:650,0
DA:654,1
DA:655,0
DA:657,0
DA:660,0
DA:665,0
DA:668,0
DA:680,0
DA:683,0
DA:686,0
DA:687,0
DA:688,0
DA:692,1
DA:693,0
DA:698,0
DA:699,0
DA:701,0
DA:705,1
DA:706,0
DA:726,0
DA:727,0
DA:728,0
DA:730,0
DA:731,0
DA:735,1
DA:736,0
DA:737,0
DA:738,0
DA:739,0
DA:741,0
DA:742,0
DA:744,0
DA:747,0
DA:749,0
DA:753,0
DA:757,1
DA:758,0
DA:767,1
DA:768,0
DA:769,0
DA:770,0
DA:771,0
DA:773,0
DA:774,0
DA:778,1
DA:779,0
DA:780,0
DA:781,0
DA:783,0
DA:784,0
DA:788,1
DA:789,0
DA:790,0
DA:791,0
DA:792,0
DA:794,0
DA:795,0
DA:799,1
DA:800,0
DA:811,1
DA:812,0
DA:813,0
DA:814,0
DA:815,0
DA:817,0
DA:818,0
DA:823,1
DA:824,0
DA:825,0
DA:826,0
DA:828,0
DA:831,0
DA:835,1
DA:836,0
DA:837,0
DA:838,0
DA:839,0
DA:841,0
DA:842,0
DA:849,1
LF:367
LH:58
BRDA:80,0,0,0
BRDA:80,0,1,0
BRDA:98,1,0,0
BRDA:98,1,1,0
BRDA:114,2,0,0
BRDA:114,2,1,0
BRDA:125,3,0,0
BRDA:125,3,1,0
BRDA:142,4,0,0
BRDA:142,4,1,0
BRDA:269,5,0,0
BRDA:269,5,1,0
BRDA:292,6,0,0
BRDA:292,6,1,0
BRDA:294,7,0,0
BRDA:294,7,1,0
BRDA:298,8,0,0
BRDA:298,8,1,0
BRDA:298,8,2,0
BRDA:311,9,0,0
BRDA:311,9,1,0
BRDA:546,10,0,0
BRDA:546,10,1,0
BRDA:559,11,0,0
BRDA:559,11,1,0
BRDA:591,12,0,0
BRDA:591,12,1,0
BRDA:741,13,0,0
BRDA:741,13,1,0
BRF:29
BRH:0
end_of_record
